<?xml version="1.0" encoding="UTF-8"?>
<testng-results ignored="1" total="2" passed="1" failed="0" skipped="0">
  <reporter-output>
  </reporter-output>
  <suite started-at="2026-01-15T05:14:23Z" name="Default suite" finished-at="2026-01-15T05:14:27Z" duration-ms="4188">
    <groups>
    </groups>
    <test started-at="2026-01-15T05:14:23Z" name="Default test" finished-at="2026-01-15T05:14:27Z" duration-ms="4188">
      <class name="TP_Sujith.GithubTest">
        <test-method signature="googletThalaTest()[pri:0, instance:TP_Sujith.GithubTest@25be7b63]" started-at="2026-01-15T05:14:23Z" name="googletThalaTest" finished-at="2026-01-15T05:14:27Z" duration-ms="4169" status="PASS">
          <reporter-output>
          </reporter-output>
        </test-method> <!-- googletThalaTest -->
      </class> <!-- TP_Sujith.GithubTest -->
    </test> <!-- Default test -->
  </suite> <!-- Default suite -->
</testng-results>
