<?xml version="1.0" encoding="UTF-8"?>
<testng-results ignored="0" total="1" passed="1" failed="0" skipped="0">
  <reporter-output>
  </reporter-output>
  <suite started-at="2026-01-14T10:38:57Z" name="Default suite" finished-at="2026-01-14T10:38:57Z" duration-ms="28">
    <groups>
    </groups>
    <test started-at="2026-01-14T10:38:57Z" name="Default test" finished-at="2026-01-14T10:38:57Z" duration-ms="28">
      <class name="TP_Aarati.githubtest">
        <test-method signature="nametest()[pri:0, instance:TP_Aarati.githubtest@61c4eee0]" started-at="2026-01-14T10:38:57Z" name="nametest" finished-at="2026-01-14T10:38:57Z" duration-ms="10" status="PASS">
          <reporter-output>
          </reporter-output>
        </test-method> <!-- nametest -->
      </class> <!-- TP_Aarati.githubtest -->
    </test> <!-- Default test -->
  </suite> <!-- Default suite -->
</testng-results>
