<?xml version="1.0" encoding="UTF-8"?>
<!-- Generated by org.testng.reporters.JUnitXMLReporter -->
<testsuite ignored="1" hostname="DESKTOP-NVS8LC5" failures="0" tests="1" name="Default test" time="4.188" errors="0" timestamp="15 Jan 2026 05:14:27 GMT">
  <testcase classname="TP_Sujith.GithubTest" name="googletThalaTest" time="4.169"/>
  <testcase classname="TP_Sujith.GithubTest" name="nameTest" time="0.0">
    <ignored/>
  </testcase> <!-- nameTest -->
</testsuite> <!-- Default test -->
